[2020-02-20 20:57:14.795] [exthost] [info] extension host started
[2020-02-20 20:57:15.544] [exthost] [info] extension host started
[2020-02-20 20:57:15.611] [exthost] [info] ExtensionService#_doActivateExtension HookyQR.beautify {"startup":true,"activationEvent":"*"}
[2020-02-20 20:57:15.611] [exthost] [info] ExtensionService#loadCommonJSModule C:\Users\Allan Kleber\.p2\pool\plugins\pack.core.win_3.6.0.201910290238\HookyQR.beautify-1.4.11\extension
[2020-02-20 20:57:16.557] [exthost] [info] ExtensionService#_doActivateExtension christian-kohler.path-intellisense {"startup":true,"activationEvent":"*"}
[2020-02-20 20:57:16.557] [exthost] [info] ExtensionService#loadCommonJSModule C:\Users\Allan Kleber\.p2\pool\plugins\pack.core.win_3.6.0.201910290238\christian-kohler.path-intellisense-1.4.2\out\src\extension
[2020-02-20 20:57:17.171] [exthost] [info] ExtensionService#_doActivateExtension dbaeumer.vscode-eslint {"startup":true,"activationEvent":"*"}
[2020-02-20 20:57:17.171] [exthost] [info] ExtensionService#loadCommonJSModule C:\Users\Allan Kleber\.p2\pool\plugins\pack.core.win_3.6.0.201910290238\dbaeumer.vscode-eslint-1.9.0\client\out\extension
[2020-02-20 20:57:17.388] [exthost] [info] ExtensionService#_doActivateExtension vscode.debug-auto-launch {"startup":true,"activationEvent":"*"}
[2020-02-20 20:57:17.388] [exthost] [info] ExtensionService#loadCommonJSModule c:\Users\Allan Kleber\.p2\pool\plugins\com.genuitec.eclipse.code.engine.app.win32.x86_64_3.6.0.201910290238\engine\resources\app\extensions\debug-auto-launch\dist\extension
[2020-02-20 20:57:17.446] [exthost] [info] ExtensionService#_doActivateExtension vscode.emmet {"startup":true,"activationEvent":"*"}
[2020-02-20 20:57:17.446] [exthost] [info] ExtensionService#loadCommonJSModule c:\Users\Allan Kleber\.p2\pool\plugins\com.genuitec.eclipse.code.engine.app.win32.x86_64_3.6.0.201910290238\engine\resources\app\extensions\emmet\dist\extension
[2020-02-20 20:57:17.557] [exthost] [info] ExtensionService#_doActivateExtension formulahendry.auto-close-tag {"startup":true,"activationEvent":"*"}
[2020-02-20 20:57:17.557] [exthost] [info] ExtensionService#loadCommonJSModule C:\Users\Allan Kleber\.p2\pool\plugins\pack.core.win_3.6.0.201910290238\formulahendry.auto-close-tag-0.5.6\out\src\extension
[2020-02-20 20:57:17.572] [exthost] [info] ExtensionService#_doActivateExtension vscode.grunt {"startup":false,"activationEvent":"onCommand:workbench.action.tasks.runTask"}
[2020-02-20 20:57:17.572] [exthost] [info] ExtensionService#loadCommonJSModule c:\Users\Allan Kleber\.p2\pool\plugins\com.genuitec.eclipse.code.engine.app.win32.x86_64_3.6.0.201910290238\engine\resources\app\extensions\grunt\dist\main
[2020-02-20 20:57:17.621] [exthost] [info] ExtensionService#_doActivateExtension vscode.gulp {"startup":false,"activationEvent":"onCommand:workbench.action.tasks.runTask"}
[2020-02-20 20:57:17.622] [exthost] [info] ExtensionService#loadCommonJSModule c:\Users\Allan Kleber\.p2\pool\plugins\com.genuitec.eclipse.code.engine.app.win32.x86_64_3.6.0.201910290238\engine\resources\app\extensions\gulp\dist\main
[2020-02-20 20:57:17.677] [exthost] [info] ExtensionService#_doActivateExtension vscode.jake {"startup":false,"activationEvent":"onCommand:workbench.action.tasks.runTask"}
[2020-02-20 20:57:17.677] [exthost] [info] ExtensionService#loadCommonJSModule c:\Users\Allan Kleber\.p2\pool\plugins\com.genuitec.eclipse.code.engine.app.win32.x86_64_3.6.0.201910290238\engine\resources\app\extensions\jake\dist\main
[2020-02-20 20:57:17.726] [exthost] [info] ExtensionService#_doActivateExtension vscode.npm {"startup":false,"activationEvent":"onCommand:workbench.action.tasks.runTask"}
[2020-02-20 20:57:17.726] [exthost] [info] ExtensionService#loadCommonJSModule c:\Users\Allan Kleber\.p2\pool\plugins\com.genuitec.eclipse.code.engine.app.win32.x86_64_3.6.0.201910290238\engine\resources\app\extensions\npm\dist\main
[2020-02-20 20:57:17.873] [exthost] [info] ExtensionService#_doActivateExtension vscode.typescript-language-features {"startup":false,"activationEvent":"onCommand:workbench.action.tasks.runTask"}
[2020-02-20 20:57:17.873] [exthost] [info] ExtensionService#loadCommonJSModule c:\Users\Allan Kleber\.p2\pool\plugins\com.genuitec.eclipse.code.engine.app.win32.x86_64_3.6.0.201910290238\engine\resources\app\extensions\typescript-language-features\dist\extension
[2020-02-20 20:57:18.323] [exthost] [info] eager extensions activated
